<?xml version="1.0" encoding="UTF-8"?>
<testsuite xmlns:xsi="http://www.w3.org/2001/XMLSchema-instance" xsi:noNamespaceSchemaLocation="https://maven.apache.org/surefire/maven-surefire-plugin/xsd/surefire-test-report.xsd" name="im.zhaojun.ExceptionHandlerDemoApplicationTests" time="5.336" tests="1" errors="0" skipped="0" failures="0">
  <properties>
    <property name="sun.desktop" value="windows"/>
    <property name="awt.toolkit" value="sun.awt.windows.WToolkit"/>
    <property name="file.encoding.pkg" value="sun.io"/>
    <property name="java.specification.version" value="1.8"/>
    <property name="sun.cpu.isalist" value="amd64"/>
    <property name="sun.jnu.encoding" value="GBK"/>
    <property name="java.class.path" value="E:\exception-handler-demo-master\target\test-classes;E:\exception-handler-demo-master\target\classes;D:\apache-maven-3.3.3-bin\apache-maven-3.3.3\mavenRepository\local\repo\org\springframework\boot\spring-boot-starter-aop\2.2.6.RELEASE\spring-boot-starter-aop-2.2.6.RELEASE.jar;D:\apache-maven-3.3.3-bin\apache-maven-3.3.3\mavenRepository\local\repo\org\springframework\boot\spring-boot-starter\2.2.6.RELEASE\spring-boot-starter-2.2.6.RELEASE.jar;D:\apache-maven-3.3.3-bin\apache-maven-3.3.3\mavenRepository\local\repo\org\springframework\boot\spring-boot\2.2.6.RELEASE\spring-boot-2.2.6.RELEASE.jar;D:\apache-maven-3.3.3-bin\apache-maven-3.3.3\mavenRepository\local\repo\org\springframework\boot\spring-boot-autoconfigure\2.2.6.RELEASE\spring-boot-autoconfigure-2.2.6.RELEASE.jar;D:\apache-maven-3.3.3-bin\apache-maven-3.3.3\mavenRepository\local\repo\org\springframework\boot\spring-boot-starter-logging\2.2.6.RELEASE\spring-boot-starter-logging-2.2.6.RELEASE.jar;D:\apache-maven-3.3.3-bin\apache-maven-3.3.3\mavenRepository\local\repo\ch\qos\logback\logback-classic\1.2.3\logback-classic-1.2.3.jar;D:\apache-maven-3.3.3-bin\apache-maven-3.3.3\mavenRepository\local\repo\ch\qos\logback\logback-core\1.2.3\logback-core-1.2.3.jar;D:\apache-maven-3.3.3-bin\apache-maven-3.3.3\mavenRepository\local\repo\org\apache\logging\log4j\log4j-to-slf4j\2.12.1\log4j-to-slf4j-2.12.1.jar;D:\apache-maven-3.3.3-bin\apache-maven-3.3.3\mavenRepository\local\repo\org\apache\logging\log4j\log4j-api\2.12.1\log4j-api-2.12.1.jar;D:\apache-maven-3.3.3-bin\apache-maven-3.3.3\mavenRepository\local\repo\org\slf4j\jul-to-slf4j\1.7.30\jul-to-slf4j-1.7.30.jar;D:\apache-maven-3.3.3-bin\apache-maven-3.3.3\mavenRepository\local\repo\jakarta\annotation\jakarta.annotation-api\1.3.5\jakarta.annotation-api-1.3.5.jar;D:\apache-maven-3.3.3-bin\apache-maven-3.3.3\mavenRepository\local\repo\org\yaml\snakeyaml\1.25\snakeyaml-1.25.jar;D:\apache-maven-3.3.3-bin\apache-maven-3.3.3\mavenRepository\local\repo\org\springframework\spring-aop\5.2.5.RELEASE\spring-aop-5.2.5.RELEASE.jar;D:\apache-maven-3.3.3-bin\apache-maven-3.3.3\mavenRepository\local\repo\org\springframework\spring-beans\5.2.5.RELEASE\spring-beans-5.2.5.RELEASE.jar;D:\apache-maven-3.3.3-bin\apache-maven-3.3.3\mavenRepository\local\repo\org\aspectj\aspectjweaver\1.9.5\aspectjweaver-1.9.5.jar;D:\apache-maven-3.3.3-bin\apache-maven-3.3.3\mavenRepository\local\repo\org\springframework\boot\spring-boot-starter-thymeleaf\2.2.6.RELEASE\spring-boot-starter-thymeleaf-2.2.6.RELEASE.jar;D:\apache-maven-3.3.3-bin\apache-maven-3.3.3\mavenRepository\local\repo\org\thymeleaf\thymeleaf-spring5\3.0.11.RELEASE\thymeleaf-spring5-3.0.11.RELEASE.jar;D:\apache-maven-3.3.3-bin\apache-maven-3.3.3\mavenRepository\local\repo\org\thymeleaf\thymeleaf\3.0.11.RELEASE\thymeleaf-3.0.11.RELEASE.jar;D:\apache-maven-3.3.3-bin\apache-maven-3.3.3\mavenRepository\local\repo\org\attoparser\attoparser\2.0.5.RELEASE\attoparser-2.0.5.RELEASE.jar;D:\apache-maven-3.3.3-bin\apache-maven-3.3.3\mavenRepository\local\repo\org\unbescape\unbescape\1.1.6.RELEASE\unbescape-1.1.6.RELEASE.jar;D:\apache-maven-3.3.3-bin\apache-maven-3.3.3\mavenRepository\local\repo\org\thymeleaf\extras\thymeleaf-extras-java8time\3.0.4.RELEASE\thymeleaf-extras-java8time-3.0.4.RELEASE.jar;D:\apache-maven-3.3.3-bin\apache-maven-3.3.3\mavenRepository\local\repo\org\springframework\boot\spring-boot-starter-validation\2.2.6.RELEASE\spring-boot-starter-validation-2.2.6.RELEASE.jar;D:\apache-maven-3.3.3-bin\apache-maven-3.3.3\mavenRepository\local\repo\jakarta\validation\jakarta.validation-api\2.0.2\jakarta.validation-api-2.0.2.jar;D:\apache-maven-3.3.3-bin\apache-maven-3.3.3\mavenRepository\local\repo\org\apache\tomcat\embed\tomcat-embed-el\9.0.33\tomcat-embed-el-9.0.33.jar;D:\apache-maven-3.3.3-bin\apache-maven-3.3.3\mavenRepository\local\repo\org\hibernate\validator\hibernate-validator\6.0.18.Final\hibernate-validator-6.0.18.Final.jar;D:\apache-maven-3.3.3-bin\apache-maven-3.3.3\mavenRepository\local\repo\org\jboss\logging\jboss-logging\3.4.1.Final\jboss-logging-3.4.1.Final.jar;D:\apache-maven-3.3.3-bin\apache-maven-3.3.3\mavenRepository\local\repo\org\springframework\boot\spring-boot-starter-web\2.2.6.RELEASE\spring-boot-starter-web-2.2.6.RELEASE.jar;D:\apache-maven-3.3.3-bin\apache-maven-3.3.3\mavenRepository\local\repo\org\springframework\boot\spring-boot-starter-json\2.2.6.RELEASE\spring-boot-starter-json-2.2.6.RELEASE.jar;D:\apache-maven-3.3.3-bin\apache-maven-3.3.3\mavenRepository\local\repo\com\fasterxml\jackson\core\jackson-databind\2.10.3\jackson-databind-2.10.3.jar;D:\apache-maven-3.3.3-bin\apache-maven-3.3.3\mavenRepository\local\repo\com\fasterxml\jackson\core\jackson-core\2.10.3\jackson-core-2.10.3.jar;D:\apache-maven-3.3.3-bin\apache-maven-3.3.3\mavenRepository\local\repo\com\fasterxml\jackson\datatype\jackson-datatype-jdk8\2.10.3\jackson-datatype-jdk8-2.10.3.jar;D:\apache-maven-3.3.3-bin\apache-maven-3.3.3\mavenRepository\local\repo\com\fasterxml\jackson\datatype\jackson-datatype-jsr310\2.10.3\jackson-datatype-jsr310-2.10.3.jar;D:\apache-maven-3.3.3-bin\apache-maven-3.3.3\mavenRepository\local\repo\com\fasterxml\jackson\module\jackson-module-parameter-names\2.10.3\jackson-module-parameter-names-2.10.3.jar;D:\apache-maven-3.3.3-bin\apache-maven-3.3.3\mavenRepository\local\repo\org\springframework\boot\spring-boot-starter-tomcat\2.2.6.RELEASE\spring-boot-starter-tomcat-2.2.6.RELEASE.jar;D:\apache-maven-3.3.3-bin\apache-maven-3.3.3\mavenRepository\local\repo\org\apache\tomcat\embed\tomcat-embed-core\9.0.33\tomcat-embed-core-9.0.33.jar;D:\apache-maven-3.3.3-bin\apache-maven-3.3.3\mavenRepository\local\repo\org\apache\tomcat\embed\tomcat-embed-websocket\9.0.33\tomcat-embed-websocket-9.0.33.jar;D:\apache-maven-3.3.3-bin\apache-maven-3.3.3\mavenRepository\local\repo\org\springframework\spring-web\5.2.5.RELEASE\spring-web-5.2.5.RELEASE.jar;D:\apache-maven-3.3.3-bin\apache-maven-3.3.3\mavenRepository\local\repo\org\springframework\spring-webmvc\5.2.5.RELEASE\spring-webmvc-5.2.5.RELEASE.jar;D:\apache-maven-3.3.3-bin\apache-maven-3.3.3\mavenRepository\local\repo\org\springframework\spring-context\5.2.5.RELEASE\spring-context-5.2.5.RELEASE.jar;D:\apache-maven-3.3.3-bin\apache-maven-3.3.3\mavenRepository\local\repo\org\springframework\spring-expression\5.2.5.RELEASE\spring-expression-5.2.5.RELEASE.jar;D:\apache-maven-3.3.3-bin\apache-maven-3.3.3\mavenRepository\local\repo\org\mybatis\spring\boot\mybatis-spring-boot-starter\1.3.2\mybatis-spring-boot-starter-1.3.2.jar;D:\apache-maven-3.3.3-bin\apache-maven-3.3.3\mavenRepository\local\repo\org\springframework\boot\spring-boot-starter-jdbc\2.2.6.RELEASE\spring-boot-starter-jdbc-2.2.6.RELEASE.jar;D:\apache-maven-3.3.3-bin\apache-maven-3.3.3\mavenRepository\local\repo\com\zaxxer\HikariCP\3.4.2\HikariCP-3.4.2.jar;D:\apache-maven-3.3.3-bin\apache-maven-3.3.3\mavenRepository\local\repo\org\springframework\spring-jdbc\5.2.5.RELEASE\spring-jdbc-5.2.5.RELEASE.jar;D:\apache-maven-3.3.3-bin\apache-maven-3.3.3\mavenRepository\local\repo\org\springframework\spring-tx\5.2.5.RELEASE\spring-tx-5.2.5.RELEASE.jar;D:\apache-maven-3.3.3-bin\apache-maven-3.3.3\mavenRepository\local\repo\org\mybatis\spring\boot\mybatis-spring-boot-autoconfigure\1.3.2\mybatis-spring-boot-autoconfigure-1.3.2.jar;D:\apache-maven-3.3.3-bin\apache-maven-3.3.3\mavenRepository\local\repo\org\mybatis\mybatis\3.4.6\mybatis-3.4.6.jar;D:\apache-maven-3.3.3-bin\apache-maven-3.3.3\mavenRepository\local\repo\org\mybatis\mybatis-spring\1.3.2\mybatis-spring-1.3.2.jar;D:\apache-maven-3.3.3-bin\apache-maven-3.3.3\mavenRepository\local\repo\mysql\mysql-connector-java\8.0.19\mysql-connector-java-8.0.19.jar;D:\apache-maven-3.3.3-bin\apache-maven-3.3.3\mavenRepository\local\repo\org\springframework\boot\spring-boot-starter-test\2.2.6.RELEASE\spring-boot-starter-test-2.2.6.RELEASE.jar;D:\apache-maven-3.3.3-bin\apache-maven-3.3.3\mavenRepository\local\repo\org\springframework\boot\spring-boot-test\2.2.6.RELEASE\spring-boot-test-2.2.6.RELEASE.jar;D:\apache-maven-3.3.3-bin\apache-maven-3.3.3\mavenRepository\local\repo\org\springframework\boot\spring-boot-test-autoconfigure\2.2.6.RELEASE\spring-boot-test-autoconfigure-2.2.6.RELEASE.jar;D:\apache-maven-3.3.3-bin\apache-maven-3.3.3\mavenRepository\local\repo\com\jayway\jsonpath\json-path\2.4.0\json-path-2.4.0.jar;D:\apache-maven-3.3.3-bin\apache-maven-3.3.3\mavenRepository\local\repo\net\minidev\json-smart\2.3\json-smart-2.3.jar;D:\apache-maven-3.3.3-bin\apache-maven-3.3.3\mavenRepository\local\repo\net\minidev\accessors-smart\1.2\accessors-smart-1.2.jar;D:\apache-maven-3.3.3-bin\apache-maven-3.3.3\mavenRepository\local\repo\org\ow2\asm\asm\5.0.4\asm-5.0.4.jar;D:\apache-maven-3.3.3-bin\apache-maven-3.3.3\mavenRepository\local\repo\jakarta\xml\bind\jakarta.xml.bind-api\2.3.3\jakarta.xml.bind-api-2.3.3.jar;D:\apache-maven-3.3.3-bin\apache-maven-3.3.3\mavenRepository\local\repo\jakarta\activation\jakarta.activation-api\1.2.2\jakarta.activation-api-1.2.2.jar;D:\apache-maven-3.3.3-bin\apache-maven-3.3.3\mavenRepository\local\repo\org\junit\jupiter\junit-jupiter\5.5.2\junit-jupiter-5.5.2.jar;D:\apache-maven-3.3.3-bin\apache-maven-3.3.3\mavenRepository\local\repo\org\junit\jupiter\junit-jupiter-api\5.5.2\junit-jupiter-api-5.5.2.jar;D:\apache-maven-3.3.3-bin\apache-maven-3.3.3\mavenRepository\local\repo\org\opentest4j\opentest4j\1.2.0\opentest4j-1.2.0.jar;D:\apache-maven-3.3.3-bin\apache-maven-3.3.3\mavenRepository\local\repo\org\junit\platform\junit-platform-commons\1.5.2\junit-platform-commons-1.5.2.jar;D:\apache-maven-3.3.3-bin\apache-maven-3.3.3\mavenRepository\local\repo\org\junit\jupiter\junit-jupiter-params\5.5.2\junit-jupiter-params-5.5.2.jar;D:\apache-maven-3.3.3-bin\apache-maven-3.3.3\mavenRepository\local\repo\org\junit\jupiter\junit-jupiter-engine\5.5.2\junit-jupiter-engine-5.5.2.jar;D:\apache-maven-3.3.3-bin\apache-maven-3.3.3\mavenRepository\local\repo\org\junit\vintage\junit-vintage-engine\5.5.2\junit-vintage-engine-5.5.2.jar;D:\apache-maven-3.3.3-bin\apache-maven-3.3.3\mavenRepository\local\repo\org\apiguardian\apiguardian-api\1.1.0\apiguardian-api-1.1.0.jar;D:\apache-maven-3.3.3-bin\apache-maven-3.3.3\mavenRepository\local\repo\org\junit\platform\junit-platform-engine\1.5.2\junit-platform-engine-1.5.2.jar;D:\apache-maven-3.3.3-bin\apache-maven-3.3.3\mavenRepository\local\repo\junit\junit\4.12\junit-4.12.jar;D:\apache-maven-3.3.3-bin\apache-maven-3.3.3\mavenRepository\local\repo\org\mockito\mockito-junit-jupiter\3.1.0\mockito-junit-jupiter-3.1.0.jar;D:\apache-maven-3.3.3-bin\apache-maven-3.3.3\mavenRepository\local\repo\org\assertj\assertj-core\3.13.2\assertj-core-3.13.2.jar;D:\apache-maven-3.3.3-bin\apache-maven-3.3.3\mavenRepository\local\repo\org\hamcrest\hamcrest\2.1\hamcrest-2.1.jar;D:\apache-maven-3.3.3-bin\apache-maven-3.3.3\mavenRepository\local\repo\org\mockito\mockito-core\3.1.0\mockito-core-3.1.0.jar;D:\apache-maven-3.3.3-bin\apache-maven-3.3.3\mavenRepository\local\repo\net\bytebuddy\byte-buddy\1.10.8\byte-buddy-1.10.8.jar;D:\apache-maven-3.3.3-bin\apache-maven-3.3.3\mavenRepository\local\repo\net\bytebuddy\byte-buddy-agent\1.10.8\byte-buddy-agent-1.10.8.jar;D:\apache-maven-3.3.3-bin\apache-maven-3.3.3\mavenRepository\local\repo\org\objenesis\objenesis\2.6\objenesis-2.6.jar;D:\apache-maven-3.3.3-bin\apache-maven-3.3.3\mavenRepository\local\repo\org\skyscreamer\jsonassert\1.5.0\jsonassert-1.5.0.jar;D:\apache-maven-3.3.3-bin\apache-maven-3.3.3\mavenRepository\local\repo\com\vaadin\external\google\android-json\0.0.20131108.vaadin1\android-json-0.0.20131108.vaadin1.jar;D:\apache-maven-3.3.3-bin\apache-maven-3.3.3\mavenRepository\local\repo\org\springframework\spring-core\5.2.5.RELEASE\spring-core-5.2.5.RELEASE.jar;D:\apache-maven-3.3.3-bin\apache-maven-3.3.3\mavenRepository\local\repo\org\springframework\spring-jcl\5.2.5.RELEASE\spring-jcl-5.2.5.RELEASE.jar;D:\apache-maven-3.3.3-bin\apache-maven-3.3.3\mavenRepository\local\repo\org\springframework\spring-test\5.2.5.RELEASE\spring-test-5.2.5.RELEASE.jar;D:\apache-maven-3.3.3-bin\apache-maven-3.3.3\mavenRepository\local\repo\org\xmlunit\xmlunit-core\2.6.4\xmlunit-core-2.6.4.jar;D:\apache-maven-3.3.3-bin\apache-maven-3.3.3\mavenRepository\local\repo\io\springfox\springfox-swagger2\2.9.2\springfox-swagger2-2.9.2.jar;D:\apache-maven-3.3.3-bin\apache-maven-3.3.3\mavenRepository\local\repo\io\springfox\springfox-spi\2.9.2\springfox-spi-2.9.2.jar;D:\apache-maven-3.3.3-bin\apache-maven-3.3.3\mavenRepository\local\repo\io\springfox\springfox-core\2.9.2\springfox-core-2.9.2.jar;D:\apache-maven-3.3.3-bin\apache-maven-3.3.3\mavenRepository\local\repo\io\springfox\springfox-schema\2.9.2\springfox-schema-2.9.2.jar;D:\apache-maven-3.3.3-bin\apache-maven-3.3.3\mavenRepository\local\repo\io\springfox\springfox-swagger-common\2.9.2\springfox-swagger-common-2.9.2.jar;D:\apache-maven-3.3.3-bin\apache-maven-3.3.3\mavenRepository\local\repo\io\springfox\springfox-spring-web\2.9.2\springfox-spring-web-2.9.2.jar;D:\apache-maven-3.3.3-bin\apache-maven-3.3.3\mavenRepository\local\repo\com\google\guava\guava\20.0\guava-20.0.jar;D:\apache-maven-3.3.3-bin\apache-maven-3.3.3\mavenRepository\local\repo\com\fasterxml\classmate\1.5.1\classmate-1.5.1.jar;D:\apache-maven-3.3.3-bin\apache-maven-3.3.3\mavenRepository\local\repo\org\slf4j\slf4j-api\1.7.30\slf4j-api-1.7.30.jar;D:\apache-maven-3.3.3-bin\apache-maven-3.3.3\mavenRepository\local\repo\org\springframework\plugin\spring-plugin-core\1.2.0.RELEASE\spring-plugin-core-1.2.0.RELEASE.jar;D:\apache-maven-3.3.3-bin\apache-maven-3.3.3\mavenRepository\local\repo\org\springframework\plugin\spring-plugin-metadata\1.2.0.RELEASE\spring-plugin-metadata-1.2.0.RELEASE.jar;D:\apache-maven-3.3.3-bin\apache-maven-3.3.3\mavenRepository\local\repo\org\mapstruct\mapstruct\1.2.0.Final\mapstruct-1.2.0.Final.jar;D:\apache-maven-3.3.3-bin\apache-maven-3.3.3\mavenRepository\local\repo\io\springfox\springfox-swagger-ui\2.9.2\springfox-swagger-ui-2.9.2.jar;D:\apache-maven-3.3.3-bin\apache-maven-3.3.3\mavenRepository\local\repo\io\swagger\swagger-annotations\1.5.21\swagger-annotations-1.5.21.jar;D:\apache-maven-3.3.3-bin\apache-maven-3.3.3\mavenRepository\local\repo\io\swagger\swagger-models\1.5.21\swagger-models-1.5.21.jar;D:\apache-maven-3.3.3-bin\apache-maven-3.3.3\mavenRepository\local\repo\com\fasterxml\jackson\core\jackson-annotations\2.10.3\jackson-annotations-2.10.3.jar;"/>
    <property name="java.vm.vendor" value="Oracle Corporation"/>
    <property name="sun.arch.data.model" value="64"/>
    <property name="user.variant" value=""/>
    <property name="java.vendor.url" value="http://java.oracle.com/"/>
    <property name="user.timezone" value="Asia/Shanghai"/>
    <property name="java.vm.specification.version" value="1.8"/>
    <property name="os.name" value="Windows 7"/>
    <property name="user.country" value="CN"/>
    <property name="sun.java.launcher" value="SUN_STANDARD"/>
    <property name="sun.boot.library.path" value="D:\springboot\jdk\jdk1.8.0_25\jre\bin"/>
    <property name="sun.java.command" value="C:\Users\ADMINI~1\AppData\Local\Temp\surefire3651483289439563022\surefirebooter6079388518442949689.jar C:\Users\Administrator\AppData\Local\Temp\surefire3651483289439563022 2020-05-11T16-52-32_769-jvmRun1 surefire1935455436976693078tmp surefire_04332118250157034604tmp"/>
    <property name="surefire.test.class.path" value="E:\exception-handler-demo-master\target\test-classes;E:\exception-handler-demo-master\target\classes;D:\apache-maven-3.3.3-bin\apache-maven-3.3.3\mavenRepository\local\repo\org\springframework\boot\spring-boot-starter-aop\2.2.6.RELEASE\spring-boot-starter-aop-2.2.6.RELEASE.jar;D:\apache-maven-3.3.3-bin\apache-maven-3.3.3\mavenRepository\local\repo\org\springframework\boot\spring-boot-starter\2.2.6.RELEASE\spring-boot-starter-2.2.6.RELEASE.jar;D:\apache-maven-3.3.3-bin\apache-maven-3.3.3\mavenRepository\local\repo\org\springframework\boot\spring-boot\2.2.6.RELEASE\spring-boot-2.2.6.RELEASE.jar;D:\apache-maven-3.3.3-bin\apache-maven-3.3.3\mavenRepository\local\repo\org\springframework\boot\spring-boot-autoconfigure\2.2.6.RELEASE\spring-boot-autoconfigure-2.2.6.RELEASE.jar;D:\apache-maven-3.3.3-bin\apache-maven-3.3.3\mavenRepository\local\repo\org\springframework\boot\spring-boot-starter-logging\2.2.6.RELEASE\spring-boot-starter-logging-2.2.6.RELEASE.jar;D:\apache-maven-3.3.3-bin\apache-maven-3.3.3\mavenRepository\local\repo\ch\qos\logback\logback-classic\1.2.3\logback-classic-1.2.3.jar;D:\apache-maven-3.3.3-bin\apache-maven-3.3.3\mavenRepository\local\repo\ch\qos\logback\logback-core\1.2.3\logback-core-1.2.3.jar;D:\apache-maven-3.3.3-bin\apache-maven-3.3.3\mavenRepository\local\repo\org\apache\logging\log4j\log4j-to-slf4j\2.12.1\log4j-to-slf4j-2.12.1.jar;D:\apache-maven-3.3.3-bin\apache-maven-3.3.3\mavenRepository\local\repo\org\apache\logging\log4j\log4j-api\2.12.1\log4j-api-2.12.1.jar;D:\apache-maven-3.3.3-bin\apache-maven-3.3.3\mavenRepository\local\repo\org\slf4j\jul-to-slf4j\1.7.30\jul-to-slf4j-1.7.30.jar;D:\apache-maven-3.3.3-bin\apache-maven-3.3.3\mavenRepository\local\repo\jakarta\annotation\jakarta.annotation-api\1.3.5\jakarta.annotation-api-1.3.5.jar;D:\apache-maven-3.3.3-bin\apache-maven-3.3.3\mavenRepository\local\repo\org\yaml\snakeyaml\1.25\snakeyaml-1.25.jar;D:\apache-maven-3.3.3-bin\apache-maven-3.3.3\mavenRepository\local\repo\org\springframework\spring-aop\5.2.5.RELEASE\spring-aop-5.2.5.RELEASE.jar;D:\apache-maven-3.3.3-bin\apache-maven-3.3.3\mavenRepository\local\repo\org\springframework\spring-beans\5.2.5.RELEASE\spring-beans-5.2.5.RELEASE.jar;D:\apache-maven-3.3.3-bin\apache-maven-3.3.3\mavenRepository\local\repo\org\aspectj\aspectjweaver\1.9.5\aspectjweaver-1.9.5.jar;D:\apache-maven-3.3.3-bin\apache-maven-3.3.3\mavenRepository\local\repo\org\springframework\boot\spring-boot-starter-thymeleaf\2.2.6.RELEASE\spring-boot-starter-thymeleaf-2.2.6.RELEASE.jar;D:\apache-maven-3.3.3-bin\apache-maven-3.3.3\mavenRepository\local\repo\org\thymeleaf\thymeleaf-spring5\3.0.11.RELEASE\thymeleaf-spring5-3.0.11.RELEASE.jar;D:\apache-maven-3.3.3-bin\apache-maven-3.3.3\mavenRepository\local\repo\org\thymeleaf\thymeleaf\3.0.11.RELEASE\thymeleaf-3.0.11.RELEASE.jar;D:\apache-maven-3.3.3-bin\apache-maven-3.3.3\mavenRepository\local\repo\org\attoparser\attoparser\2.0.5.RELEASE\attoparser-2.0.5.RELEASE.jar;D:\apache-maven-3.3.3-bin\apache-maven-3.3.3\mavenRepository\local\repo\org\unbescape\unbescape\1.1.6.RELEASE\unbescape-1.1.6.RELEASE.jar;D:\apache-maven-3.3.3-bin\apache-maven-3.3.3\mavenRepository\local\repo\org\thymeleaf\extras\thymeleaf-extras-java8time\3.0.4.RELEASE\thymeleaf-extras-java8time-3.0.4.RELEASE.jar;D:\apache-maven-3.3.3-bin\apache-maven-3.3.3\mavenRepository\local\repo\org\springframework\boot\spring-boot-starter-validation\2.2.6.RELEASE\spring-boot-starter-validation-2.2.6.RELEASE.jar;D:\apache-maven-3.3.3-bin\apache-maven-3.3.3\mavenRepository\local\repo\jakarta\validation\jakarta.validation-api\2.0.2\jakarta.validation-api-2.0.2.jar;D:\apache-maven-3.3.3-bin\apache-maven-3.3.3\mavenRepository\local\repo\org\apache\tomcat\embed\tomcat-embed-el\9.0.33\tomcat-embed-el-9.0.33.jar;D:\apache-maven-3.3.3-bin\apache-maven-3.3.3\mavenRepository\local\repo\org\hibernate\validator\hibernate-validator\6.0.18.Final\hibernate-validator-6.0.18.Final.jar;D:\apache-maven-3.3.3-bin\apache-maven-3.3.3\mavenRepository\local\repo\org\jboss\logging\jboss-logging\3.4.1.Final\jboss-logging-3.4.1.Final.jar;D:\apache-maven-3.3.3-bin\apache-maven-3.3.3\mavenRepository\local\repo\org\springframework\boot\spring-boot-starter-web\2.2.6.RELEASE\spring-boot-starter-web-2.2.6.RELEASE.jar;D:\apache-maven-3.3.3-bin\apache-maven-3.3.3\mavenRepository\local\repo\org\springframework\boot\spring-boot-starter-json\2.2.6.RELEASE\spring-boot-starter-json-2.2.6.RELEASE.jar;D:\apache-maven-3.3.3-bin\apache-maven-3.3.3\mavenRepository\local\repo\com\fasterxml\jackson\core\jackson-databind\2.10.3\jackson-databind-2.10.3.jar;D:\apache-maven-3.3.3-bin\apache-maven-3.3.3\mavenRepository\local\repo\com\fasterxml\jackson\core\jackson-core\2.10.3\jackson-core-2.10.3.jar;D:\apache-maven-3.3.3-bin\apache-maven-3.3.3\mavenRepository\local\repo\com\fasterxml\jackson\datatype\jackson-datatype-jdk8\2.10.3\jackson-datatype-jdk8-2.10.3.jar;D:\apache-maven-3.3.3-bin\apache-maven-3.3.3\mavenRepository\local\repo\com\fasterxml\jackson\datatype\jackson-datatype-jsr310\2.10.3\jackson-datatype-jsr310-2.10.3.jar;D:\apache-maven-3.3.3-bin\apache-maven-3.3.3\mavenRepository\local\repo\com\fasterxml\jackson\module\jackson-module-parameter-names\2.10.3\jackson-module-parameter-names-2.10.3.jar;D:\apache-maven-3.3.3-bin\apache-maven-3.3.3\mavenRepository\local\repo\org\springframework\boot\spring-boot-starter-tomcat\2.2.6.RELEASE\spring-boot-starter-tomcat-2.2.6.RELEASE.jar;D:\apache-maven-3.3.3-bin\apache-maven-3.3.3\mavenRepository\local\repo\org\apache\tomcat\embed\tomcat-embed-core\9.0.33\tomcat-embed-core-9.0.33.jar;D:\apache-maven-3.3.3-bin\apache-maven-3.3.3\mavenRepository\local\repo\org\apache\tomcat\embed\tomcat-embed-websocket\9.0.33\tomcat-embed-websocket-9.0.33.jar;D:\apache-maven-3.3.3-bin\apache-maven-3.3.3\mavenRepository\local\repo\org\springframework\spring-web\5.2.5.RELEASE\spring-web-5.2.5.RELEASE.jar;D:\apache-maven-3.3.3-bin\apache-maven-3.3.3\mavenRepository\local\repo\org\springframework\spring-webmvc\5.2.5.RELEASE\spring-webmvc-5.2.5.RELEASE.jar;D:\apache-maven-3.3.3-bin\apache-maven-3.3.3\mavenRepository\local\repo\org\springframework\spring-context\5.2.5.RELEASE\spring-context-5.2.5.RELEASE.jar;D:\apache-maven-3.3.3-bin\apache-maven-3.3.3\mavenRepository\local\repo\org\springframework\spring-expression\5.2.5.RELEASE\spring-expression-5.2.5.RELEASE.jar;D:\apache-maven-3.3.3-bin\apache-maven-3.3.3\mavenRepository\local\repo\org\mybatis\spring\boot\mybatis-spring-boot-starter\1.3.2\mybatis-spring-boot-starter-1.3.2.jar;D:\apache-maven-3.3.3-bin\apache-maven-3.3.3\mavenRepository\local\repo\org\springframework\boot\spring-boot-starter-jdbc\2.2.6.RELEASE\spring-boot-starter-jdbc-2.2.6.RELEASE.jar;D:\apache-maven-3.3.3-bin\apache-maven-3.3.3\mavenRepository\local\repo\com\zaxxer\HikariCP\3.4.2\HikariCP-3.4.2.jar;D:\apache-maven-3.3.3-bin\apache-maven-3.3.3\mavenRepository\local\repo\org\springframework\spring-jdbc\5.2.5.RELEASE\spring-jdbc-5.2.5.RELEASE.jar;D:\apache-maven-3.3.3-bin\apache-maven-3.3.3\mavenRepository\local\repo\org\springframework\spring-tx\5.2.5.RELEASE\spring-tx-5.2.5.RELEASE.jar;D:\apache-maven-3.3.3-bin\apache-maven-3.3.3\mavenRepository\local\repo\org\mybatis\spring\boot\mybatis-spring-boot-autoconfigure\1.3.2\mybatis-spring-boot-autoconfigure-1.3.2.jar;D:\apache-maven-3.3.3-bin\apache-maven-3.3.3\mavenRepository\local\repo\org\mybatis\mybatis\3.4.6\mybatis-3.4.6.jar;D:\apache-maven-3.3.3-bin\apache-maven-3.3.3\mavenRepository\local\repo\org\mybatis\mybatis-spring\1.3.2\mybatis-spring-1.3.2.jar;D:\apache-maven-3.3.3-bin\apache-maven-3.3.3\mavenRepository\local\repo\mysql\mysql-connector-java\8.0.19\mysql-connector-java-8.0.19.jar;D:\apache-maven-3.3.3-bin\apache-maven-3.3.3\mavenRepository\local\repo\org\springframework\boot\spring-boot-starter-test\2.2.6.RELEASE\spring-boot-starter-test-2.2.6.RELEASE.jar;D:\apache-maven-3.3.3-bin\apache-maven-3.3.3\mavenRepository\local\repo\org\springframework\boot\spring-boot-test\2.2.6.RELEASE\spring-boot-test-2.2.6.RELEASE.jar;D:\apache-maven-3.3.3-bin\apache-maven-3.3.3\mavenRepository\local\repo\org\springframework\boot\spring-boot-test-autoconfigure\2.2.6.RELEASE\spring-boot-test-autoconfigure-2.2.6.RELEASE.jar;D:\apache-maven-3.3.3-bin\apache-maven-3.3.3\mavenRepository\local\repo\com\jayway\jsonpath\json-path\2.4.0\json-path-2.4.0.jar;D:\apache-maven-3.3.3-bin\apache-maven-3.3.3\mavenRepository\local\repo\net\minidev\json-smart\2.3\json-smart-2.3.jar;D:\apache-maven-3.3.3-bin\apache-maven-3.3.3\mavenRepository\local\repo\net\minidev\accessors-smart\1.2\accessors-smart-1.2.jar;D:\apache-maven-3.3.3-bin\apache-maven-3.3.3\mavenRepository\local\repo\org\ow2\asm\asm\5.0.4\asm-5.0.4.jar;D:\apache-maven-3.3.3-bin\apache-maven-3.3.3\mavenRepository\local\repo\jakarta\xml\bind\jakarta.xml.bind-api\2.3.3\jakarta.xml.bind-api-2.3.3.jar;D:\apache-maven-3.3.3-bin\apache-maven-3.3.3\mavenRepository\local\repo\jakarta\activation\jakarta.activation-api\1.2.2\jakarta.activation-api-1.2.2.jar;D:\apache-maven-3.3.3-bin\apache-maven-3.3.3\mavenRepository\local\repo\org\junit\jupiter\junit-jupiter\5.5.2\junit-jupiter-5.5.2.jar;D:\apache-maven-3.3.3-bin\apache-maven-3.3.3\mavenRepository\local\repo\org\junit\jupiter\junit-jupiter-api\5.5.2\junit-jupiter-api-5.5.2.jar;D:\apache-maven-3.3.3-bin\apache-maven-3.3.3\mavenRepository\local\repo\org\opentest4j\opentest4j\1.2.0\opentest4j-1.2.0.jar;D:\apache-maven-3.3.3-bin\apache-maven-3.3.3\mavenRepository\local\repo\org\junit\platform\junit-platform-commons\1.5.2\junit-platform-commons-1.5.2.jar;D:\apache-maven-3.3.3-bin\apache-maven-3.3.3\mavenRepository\local\repo\org\junit\jupiter\junit-jupiter-params\5.5.2\junit-jupiter-params-5.5.2.jar;D:\apache-maven-3.3.3-bin\apache-maven-3.3.3\mavenRepository\local\repo\org\junit\jupiter\junit-jupiter-engine\5.5.2\junit-jupiter-engine-5.5.2.jar;D:\apache-maven-3.3.3-bin\apache-maven-3.3.3\mavenRepository\local\repo\org\junit\vintage\junit-vintage-engine\5.5.2\junit-vintage-engine-5.5.2.jar;D:\apache-maven-3.3.3-bin\apache-maven-3.3.3\mavenRepository\local\repo\org\apiguardian\apiguardian-api\1.1.0\apiguardian-api-1.1.0.jar;D:\apache-maven-3.3.3-bin\apache-maven-3.3.3\mavenRepository\local\repo\org\junit\platform\junit-platform-engine\1.5.2\junit-platform-engine-1.5.2.jar;D:\apache-maven-3.3.3-bin\apache-maven-3.3.3\mavenRepository\local\repo\junit\junit\4.12\junit-4.12.jar;D:\apache-maven-3.3.3-bin\apache-maven-3.3.3\mavenRepository\local\repo\org\mockito\mockito-junit-jupiter\3.1.0\mockito-junit-jupiter-3.1.0.jar;D:\apache-maven-3.3.3-bin\apache-maven-3.3.3\mavenRepository\local\repo\org\assertj\assertj-core\3.13.2\assertj-core-3.13.2.jar;D:\apache-maven-3.3.3-bin\apache-maven-3.3.3\mavenRepository\local\repo\org\hamcrest\hamcrest\2.1\hamcrest-2.1.jar;D:\apache-maven-3.3.3-bin\apache-maven-3.3.3\mavenRepository\local\repo\org\mockito\mockito-core\3.1.0\mockito-core-3.1.0.jar;D:\apache-maven-3.3.3-bin\apache-maven-3.3.3\mavenRepository\local\repo\net\bytebuddy\byte-buddy\1.10.8\byte-buddy-1.10.8.jar;D:\apache-maven-3.3.3-bin\apache-maven-3.3.3\mavenRepository\local\repo\net\bytebuddy\byte-buddy-agent\1.10.8\byte-buddy-agent-1.10.8.jar;D:\apache-maven-3.3.3-bin\apache-maven-3.3.3\mavenRepository\local\repo\org\objenesis\objenesis\2.6\objenesis-2.6.jar;D:\apache-maven-3.3.3-bin\apache-maven-3.3.3\mavenRepository\local\repo\org\skyscreamer\jsonassert\1.5.0\jsonassert-1.5.0.jar;D:\apache-maven-3.3.3-bin\apache-maven-3.3.3\mavenRepository\local\repo\com\vaadin\external\google\android-json\0.0.20131108.vaadin1\android-json-0.0.20131108.vaadin1.jar;D:\apache-maven-3.3.3-bin\apache-maven-3.3.3\mavenRepository\local\repo\org\springframework\spring-core\5.2.5.RELEASE\spring-core-5.2.5.RELEASE.jar;D:\apache-maven-3.3.3-bin\apache-maven-3.3.3\mavenRepository\local\repo\org\springframework\spring-jcl\5.2.5.RELEASE\spring-jcl-5.2.5.RELEASE.jar;D:\apache-maven-3.3.3-bin\apache-maven-3.3.3\mavenRepository\local\repo\org\springframework\spring-test\5.2.5.RELEASE\spring-test-5.2.5.RELEASE.jar;D:\apache-maven-3.3.3-bin\apache-maven-3.3.3\mavenRepository\local\repo\org\xmlunit\xmlunit-core\2.6.4\xmlunit-core-2.6.4.jar;D:\apache-maven-3.3.3-bin\apache-maven-3.3.3\mavenRepository\local\repo\io\springfox\springfox-swagger2\2.9.2\springfox-swagger2-2.9.2.jar;D:\apache-maven-3.3.3-bin\apache-maven-3.3.3\mavenRepository\local\repo\io\springfox\springfox-spi\2.9.2\springfox-spi-2.9.2.jar;D:\apache-maven-3.3.3-bin\apache-maven-3.3.3\mavenRepository\local\repo\io\springfox\springfox-core\2.9.2\springfox-core-2.9.2.jar;D:\apache-maven-3.3.3-bin\apache-maven-3.3.3\mavenRepository\local\repo\io\springfox\springfox-schema\2.9.2\springfox-schema-2.9.2.jar;D:\apache-maven-3.3.3-bin\apache-maven-3.3.3\mavenRepository\local\repo\io\springfox\springfox-swagger-common\2.9.2\springfox-swagger-common-2.9.2.jar;D:\apache-maven-3.3.3-bin\apache-maven-3.3.3\mavenRepository\local\repo\io\springfox\springfox-spring-web\2.9.2\springfox-spring-web-2.9.2.jar;D:\apache-maven-3.3.3-bin\apache-maven-3.3.3\mavenRepository\local\repo\com\google\guava\guava\20.0\guava-20.0.jar;D:\apache-maven-3.3.3-bin\apache-maven-3.3.3\mavenRepository\local\repo\com\fasterxml\classmate\1.5.1\classmate-1.5.1.jar;D:\apache-maven-3.3.3-bin\apache-maven-3.3.3\mavenRepository\local\repo\org\slf4j\slf4j-api\1.7.30\slf4j-api-1.7.30.jar;D:\apache-maven-3.3.3-bin\apache-maven-3.3.3\mavenRepository\local\repo\org\springframework\plugin\spring-plugin-core\1.2.0.RELEASE\spring-plugin-core-1.2.0.RELEASE.jar;D:\apache-maven-3.3.3-bin\apache-maven-3.3.3\mavenRepository\local\repo\org\springframework\plugin\spring-plugin-metadata\1.2.0.RELEASE\spring-plugin-metadata-1.2.0.RELEASE.jar;D:\apache-maven-3.3.3-bin\apache-maven-3.3.3\mavenRepository\local\repo\org\mapstruct\mapstruct\1.2.0.Final\mapstruct-1.2.0.Final.jar;D:\apache-maven-3.3.3-bin\apache-maven-3.3.3\mavenRepository\local\repo\io\springfox\springfox-swagger-ui\2.9.2\springfox-swagger-ui-2.9.2.jar;D:\apache-maven-3.3.3-bin\apache-maven-3.3.3\mavenRepository\local\repo\io\swagger\swagger-annotations\1.5.21\swagger-annotations-1.5.21.jar;D:\apache-maven-3.3.3-bin\apache-maven-3.3.3\mavenRepository\local\repo\io\swagger\swagger-models\1.5.21\swagger-models-1.5.21.jar;D:\apache-maven-3.3.3-bin\apache-maven-3.3.3\mavenRepository\local\repo\com\fasterxml\jackson\core\jackson-annotations\2.10.3\jackson-annotations-2.10.3.jar;"/>
    <property name="sun.cpu.endian" value="little"/>
    <property name="user.home" value="C:\Users\Administrator"/>
    <property name="user.language" value="zh"/>
    <property name="java.specification.vendor" value="Oracle Corporation"/>
    <property name="java.home" value="D:\springboot\jdk\jdk1.8.0_25\jre"/>
    <property name="basedir" value="E:\exception-handler-demo-master"/>
    <property name="file.separator" value="\"/>
    <property name="line.separator" value="&#10;"/>
    <property name="java.vm.specification.vendor" value="Oracle Corporation"/>
    <property name="java.specification.name" value="Java Platform API Specification"/>
    <property name="java.awt.graphicsenv" value="sun.awt.Win32GraphicsEnvironment"/>
    <property name="surefire.real.class.path" value="C:\Users\ADMINI~1\AppData\Local\Temp\surefire3651483289439563022\surefirebooter6079388518442949689.jar"/>
    <property name="sun.boot.class.path" value="D:\springboot\jdk\jdk1.8.0_25\jre\lib\resources.jar;D:\springboot\jdk\jdk1.8.0_25\jre\lib\rt.jar;D:\springboot\jdk\jdk1.8.0_25\jre\lib\sunrsasign.jar;D:\springboot\jdk\jdk1.8.0_25\jre\lib\jsse.jar;D:\springboot\jdk\jdk1.8.0_25\jre\lib\jce.jar;D:\springboot\jdk\jdk1.8.0_25\jre\lib\charsets.jar;D:\springboot\jdk\jdk1.8.0_25\jre\lib\jfr.jar;D:\springboot\jdk\jdk1.8.0_25\jre\classes"/>
    <property name="user.script" value=""/>
    <property name="sun.management.compiler" value="HotSpot 64-Bit Tiered Compilers"/>
    <property name="java.runtime.version" value="1.8.0_25-b18"/>
    <property name="user.name" value="handlewaitting"/>
    <property name="path.separator" value=";"/>
    <property name="os.version" value="6.1"/>
    <property name="java.endorsed.dirs" value="D:\springboot\jdk\jdk1.8.0_25\jre\lib\endorsed"/>
    <property name="java.runtime.name" value="Java(TM) SE Runtime Environment"/>
    <property name="file.encoding" value="GBK"/>
    <property name="java.vm.name" value="Java HotSpot(TM) 64-Bit Server VM"/>
    <property name="localRepository" value="D:\apache-maven-3.3.3-bin\apache-maven-3.3.3\mavenRepository\local\repo"/>
    <property name="java.vendor.url.bug" value="http://bugreport.sun.com/bugreport/"/>
    <property name="java.io.tmpdir" value="C:\Users\ADMINI~1\AppData\Local\Temp\"/>
    <property name="java.version" value="1.8.0_25"/>
    <property name="user.dir" value="E:\exception-handler-demo-master"/>
    <property name="os.arch" value="amd64"/>
    <property name="java.vm.specification.name" value="Java Virtual Machine Specification"/>
    <property name="java.awt.printerjob" value="sun.awt.windows.WPrinterJob"/>
    <property name="sun.os.patch.level" value="Service Pack 1"/>
    <property name="java.library.path" value="D:\springboot\jdk\jdk1.8.0_25\jre\bin;C:\Windows\Sun\Java\bin;C:\Windows\system32;C:\Windows;D:/springboot/jdk/jdk1.8.0_25/bin/../jre/bin/server;D:/springboot/jdk/jdk1.8.0_25/bin/../jre/bin;D:/springboot/jdk/jdk1.8.0_25/bin/../jre/lib/amd64;D:\springboot\jdk\jdk1.8.0_25\bin;C:\Program Files (x86)\Common Files\Oracle\Java\javapath;C:\Windows\system32;C:\Windows;C:\Windows\System32\Wbem;C:\Windows\System32\WindowsPowerShell\v1.0\;D:\Oracle11g_32位\product\11.2.0\client_lite\bin;;\nodejs\;D:\Git\cmd;D:\nodejs\;D:\TortoiseSVN\bin;D:\VisualSVN\bin;C:\Program Files (x86)\Sybase\SQL Anywhere 8\win32;C:\Program Files (x86)\Sybase\Shared\win32;C:\Program Files (x86)\Sybase\Shared\Sybase Central 4.1;C:\Program Files (x86)\Sybase\PowerDynamo\win32;D:\Shared\PowerBuilder;D:\OpenVPN\bin;C:\Program Files (x86)\AOMEI Backupper;C:\Program Files (x86)\Java\jdk1.8.0_171\bin;C:\Users\Administrator\AppData\Roaming\npm;F:\DriverGenius;F:\DriverGenius\ksoft;;D:\spring-tool-suite\sts-4.0.2.RELEASE;;."/>
    <property name="java.vm.info" value="mixed mode"/>
    <property name="java.vendor" value="Oracle Corporation"/>
    <property name="java.vm.version" value="25.25-b02"/>
    <property name="java.ext.dirs" value="D:\springboot\jdk\jdk1.8.0_25\jre\lib\ext;C:\Windows\Sun\Java\lib\ext"/>
    <property name="sun.io.unicode.encoding" value="UnicodeLittle"/>
    <property name="java.class.version" value="52.0"/>
  </properties>
  <testcase name="contextLoads" classname="im.zhaojun.ExceptionHandlerDemoApplicationTests" time="0.239"/>
</testsuite>